hcmobile/hcmobile/StickyListHeaders/build/outputs/logs/manifest-merger-debug-report.txt
-- Merging decision tree log ---
manifest
ADDED from hcmobile\StickyListHeaders\AndroidManifest.xml:2:1-8:12
INJECTED from hcmobile\StickyListHeaders\AndroidManifest.xml:2:1-8:12
INJECTED from hcmobile\StickyListHeaders\AndroidManifest.xml:2:1-8:12
INJECTED from hcmobile\StickyListHeaders\AndroidManifest.xml:2:1-8:12
INJECTED from hcmobile\StickyListHeaders\AndroidManifest.xml:2:1-8:12
INJECTED from hcmobile\StickyListHeaders\AndroidManifest.xml:2:1-8:12
INJECTED from hcmobile\StickyListHeaders\AndroidManifest.xml:2:1-8:12
	package
		ADDED from hcmobile\StickyListHeaders\AndroidManifest.xml:3:5-49
		INJECTED from hcmobile\StickyListHeaders\AndroidManifest.xml
		INJECTED from hcmobile\StickyListHeaders\AndroidManifest.xml
	android:versionName
		ADDED from hcmobile\StickyListHeaders\AndroidManifest.xml:5:5-30
		INJECTED from hcmobile\StickyListHeaders\AndroidManifest.xml
		INJECTED from hcmobile\StickyListHeaders\AndroidManifest.xml
	xmlns:android
		ADDED from hcmobile\StickyListHeaders\AndroidManifest.xml:2:11-69
	android:versionCode
		ADDED from hcmobile\StickyListHeaders\AndroidManifest.xml:4:5-28
		INJECTED from hcmobile\StickyListHeaders\AndroidManifest.xml
		INJECTED from hcmobile\StickyListHeaders\AndroidManifest.xml